
SQL*Plus: Release 21.0.0.0.0 - Production on Thu May 4 22:31:35 2023
Version 21.3.0.0.0

Copyright (c) 1982, 2021, Oracle.  All rights reserved.


Connected to:
Oracle Database 10g Enterprise Edition Release 10.2.0.1.0 - Production
With the Partitioning, OLAP and Data Mining options

SQL> 
SYSDATE
---------
04-MAY-23


TABLE_NAME
------------------------------
DUAL
SYSTEM_PRIVILEGE_MAP
TABLE_PRIVILEGE_MAP
STMT_AUDIT_OPTION_MAP
AUDIT_ACTIONS
PSTUBTBL
WRI$_ADV_ASA_RECO_DATA
ODCI_SECOBJ$
ODCI_WARNINGS$
DEF$_TEMP$LOB
OL$

TABLE_NAME
------------------------------
OL$HINTS
OL$NODES
KU$NOEXP_TAB
IMPDP_STATS
PLAN_TABLE$
WM$WORKSPACES_TABLE
WM$VERSION_TABLE
WM$NEXTVER_TABLE
WM$VERSION_HIERARCHY_TABLE
HELP
DR$OBJECT_ATTRIBUTE

TABLE_NAME
------------------------------
DR$POLICY_TAB
DR$NUMBER_SEQUENCE
RLM$PARSEDCOND
OGIS_SPATIAL_REFERENCE_SYSTEMS
OGIS_GEOMETRY_COLUMNS
SDO_UNITS_OF_MEASURE
SDO_PRIME_MERIDIANS
SDO_ELLIPSOIDS
SDO_DATUMS
SDO_COORD_SYS
SDO_COORD_AXIS_NAMES

TABLE_NAME
------------------------------
SDO_COORD_AXES
SDO_COORD_REF_SYS
SDO_COORD_OP_METHODS
SDO_COORD_OPS
SDO_PREFERRED_OPS_SYSTEM
SDO_PREFERRED_OPS_USER
SDO_COORD_OP_PATHS
SDO_COORD_OP_PARAMS
SDO_COORD_OP_PARAM_USE
SDO_COORD_OP_PARAM_VALS
SDO_XML_SCHEMAS

TABLE_NAME
------------------------------
AW$AWMD
AW$EXPRESS
AW$AWCREATE
AW$AWCREATE10G
AW$AWXML
AW$AWREPORT
OLAPTABLEVELS
OLAPTABLEVELTUPLES
MVIEW$_ADV_INDEX
MVIEW$_ADV_PARTITION
MVIEW$_ADV_OWB

TABLE_NAME
------------------------------
OLAPI_HISTORY
OLAPI_SESSION_HISTORY
OLAPI_IFACE_OBJECT_HISTORY
OLAPI_IFACE_OP_HISTORY
OLAPI_MEMORY_OP_HISTORY
OLAPI_MEMORY_HEAP_HISTORY
XML_LOAD_RECORDS
XML_LOAD_LOG
CWM2$_AW_NEXT_TEMP_CUST_MEAS
CWM2$_AW_TEMP_CUST_MEAS_MAP
CWM2$_TEMP_VALUES

TABLE_NAME
------------------------------
CWM2$AWDIMCREATEACCESS
CWM2$AWCUBECREATEACCESS
OLAP_SESSION_DIMS
OLAP_SESSION_CUBES
OLAP_OLEDB_KEYWORDS
OLAP_OLEDB_MDPROPVALS
OLAP_OLEDB_MDPROPS
OLAP_OLEDB_FUNCTIONS_PVT
SDO_TXN_IDX_INSERTS
SDO_TXN_IDX_DELETES
SDO_TXN_IDX_EXP_UPD_RGN

TABLE_NAME
------------------------------
SDO_TOPO_TRANSACT_DATA
SDO_TOPO_RELATION_DATA
SDO_TOPO_DATA$
SDO_PROJECTIONS_OLD_SNAPSHOT
SDO_CS_SRS
SDO_ELLIPSOIDS_OLD_SNAPSHOT
SDO_DATUMS_OLD_SNAPSHOT
SDO_GEOR_XMLSCHEMA_TABLE
SDO_GR_MOSAIC_0
SDO_GR_MOSAIC_1
SDO_GR_MOSAIC_2

TABLE_NAME
------------------------------
SDO_GR_MOSAIC_3
SDO_GR_RDT_1
SDO_GEOR_PLUGIN_REGISTRY
MARCAS
ESTABLECIMIENTO
DESTINO
PERSONAS
TOAD_PLAN_TABLE
GRD_CODIGOS

97 rows selected.

SQL> Disconnected from Oracle Database 10g Enterprise Edition Release 10.2.0.1.0 - Production
With the Partitioning, OLAP and Data Mining options
